<?xml version="1.0" encoding="UTF-8"?>
<!-- Generated by org.testng.reporters.JUnitReportReporter -->
<testsuite hostname="DESKTOP-1CCS179" failures="0" tests="1" name="com.sauceDemo.testLayer.FilterTest" time="6.770" errors="0" timestamp="2024-03-17T11:40:16 IST" skipped="0">
  <testcase classname="com.sauceDemo.testLayer.FilterTest" name="filterTest" time="6.770"/>
  <system-out/>
</testsuite> <!-- com.sauceDemo.testLayer.FilterTest -->
