<?xml version="1.0" encoding="UTF-8"?>
<!-- Generated by org.testng.reporters.JUnitReportReporter -->
<testsuite hostname="DESKTOP-1CCS179" failures="0" tests="1" name="com.sauceDemo.testLayer.BuyTest" time="4.191" errors="0" timestamp="2024-03-24T15:20:20 IST" skipped="0">
  <testcase classname="com.sauceDemo.testLayer.BuyTest" name="buyProductTest" time="4.191"/>
</testsuite> <!-- com.sauceDemo.testLayer.BuyTest -->
