<?xml version="1.0" encoding="UTF-8"?>
<!-- Generated by org.testng.reporters.JUnitReportReporter -->
<testsuite hostname="DESKTOP-1CCS179" failures="0" tests="1" name="com.sauceDemo.testLayer.FilterTest" time="7.093" errors="0" timestamp="2024-03-24T12:20:46 IST" skipped="0">
  <testcase classname="com.sauceDemo.testLayer.FilterTest" name="filterTest" time="7.093"/>
</testsuite> <!-- com.sauceDemo.testLayer.FilterTest -->
