<?xml version="1.0" encoding="UTF-8"?>
<!-- Generated by org.testng.reporters.JUnitReportReporter -->
<testsuite hostname="DESKTOP-1CCS179" failures="0" tests="1" name="com.sauceDemo.testLayer.LoginpageTest" time="7.705" errors="0" timestamp="2024-03-24T12:20:46 IST" skipped="0">
  <testcase classname="com.sauceDemo.testLayer.LoginpageTest" name="verifyLoginTest" time="7.705"/>
</testsuite> <!-- com.sauceDemo.testLayer.LoginpageTest -->
